<?xml version="1.0" encoding="UTF-8"?>
<!-- Generated by org.testng.reporters.JUnitReportReporter -->
<testsuite hostname="Eidita" failures="0" tests="1" name="com.facebook.registrationTests.RegistrationTest" time="12.149" errors="0" timestamp="2023-10-14T11:09:15 EDT" skipped="0">
  <testcase classname="com.facebook.registrationTests.RegistrationTest" name="createRegistrationTest" time="12.149"/>
  <system-out/>
</testsuite> <!-- com.facebook.registrationTests.RegistrationTest -->
