<?xml version="1.0" encoding="UTF-8"?>
<!-- Generated by org.testng.reporters.JUnitReportReporter -->
<testsuite hostname="Eidita" failures="0" tests="2" name="com.facebook.loginTests.LoginTest" time="31.768" errors="0" timestamp="2023-10-08T10:16:23 EDT" skipped="0">
  <testcase classname="com.facebook.loginTests.LoginTest" name="loginTest" time="25.913"/>
  <system-out/>
  <testcase classname="com.facebook.loginTests.LoginTest" name="loginTest1" time="5.855"/>
  <system-out/>
</testsuite> <!-- com.facebook.loginTests.LoginTest -->
